  Source.cpp
c:\users\user\documents\visual studio 2017\projects\project42\project42\roedor.h(34): warning C4244: 'argumento': conversión de 'double' a 'int'; posible pérdida de datos
c:\users\user\documents\visual studio 2017\projects\project42\project42\roedor.h(43): warning C4244: 'argumento': conversión de 'double' a 'int'; posible pérdida de datos
c:\users\user\documents\visual studio 2017\projects\project42\project42\roedor.h(47): warning C4244: 'argumento': conversión de 'double' a 'int'; posible pérdida de datos
c:\users\user\documents\visual studio 2017\projects\project42\project42\roedor.h(53): warning C4244: 'argumento': conversión de 'time_t' a 'unsigned int'; posible pérdida de datos
c:\users\user\documents\visual studio 2017\projects\project42\project42\roedor.h(88): warning C4244: 'return': conversión de 'double' a 'int'; posible pérdida de datos
c:\users\user\documents\visual studio 2017\projects\project42\project42\roedor.h(93): warning C4244: 'return': conversión de 'double' a 'int'; posible pérdida de datos
c:\users\user\documents\visual studio 2017\projects\project42\project42\gato.h(44): warning C4244: 'argumento': conversión de 'double' a 'int'; posible pérdida de datos
c:\users\user\documents\visual studio 2017\projects\project42\project42\gato.h(45): warning C4244: 'argumento': conversión de 'double' a 'int'; posible pérdida de datos
c:\users\user\documents\visual studio 2017\projects\project42\project42\gato.h(46): warning C4244: 'argumento': conversión de 'double' a 'int'; posible pérdida de datos
c:\users\user\documents\visual studio 2017\projects\project42\project42\gato.h(54): warning C4244: 'argumento': conversión de 'double' a 'int'; posible pérdida de datos
c:\users\user\documents\visual studio 2017\projects\project42\project42\gato.h(54): warning C4129: '_': secuencia de escape de carácter no reconocida
c:\users\user\documents\visual studio 2017\projects\project42\project42\gato.h(54): warning C4129: ' ': secuencia de escape de carácter no reconocida
c:\users\user\documents\visual studio 2017\projects\project42\project42\gato.h(55): warning C4244: 'argumento': conversión de 'double' a 'int'; posible pérdida de datos
c:\users\user\documents\visual studio 2017\projects\project42\project42\gato.h(56): warning C4244: 'argumento': conversión de 'double' a 'int'; posible pérdida de datos
c:\users\user\documents\visual studio 2017\projects\project42\project42\gato.h(62): warning C4244: 'return': conversión de 'double' a 'int'; posible pérdida de datos
c:\users\user\documents\visual studio 2017\projects\project42\project42\gato.h(66): warning C4244: 'return': conversión de 'double' a 'int'; posible pérdida de datos
c:\users\user\documents\visual studio 2017\projects\project42\project42\juego.h(33): warning C4244: 'argumento': conversión de 'time_t' a 'unsigned int'; posible pérdida de datos
c:\users\user\documents\visual studio 2017\projects\project42\project42\juego.h(158): warning C4996: 'kbhit': The POSIX name for this item is deprecated. Instead, use the ISO C and C++ conformant name: _kbhit. See online help for details.
  c:\program files (x86)\windows kits\10\include\10.0.17763.0\ucrt\conio.h(459): note: vea la declaración de 'kbhit'
c:\users\user\documents\visual studio 2017\projects\project42\project42\juego.h(166): warning C4996: '_sleep': This function or variable has been superceded by newer library or operating system functionality. Consider using Sleep instead. See online help for details.
  c:\program files (x86)\windows kits\10\include\10.0.17763.0\ucrt\stdlib.h(1274): note: vea la declaración de '_sleep'
  Source.obj : se encontró un módulo MSIL; vinculación incremental deshabilitada para MSIL; ejecutando vínculo completo
  Project42.vcxproj -> C:\Users\USER\Documents\Visual Studio 2017\Projects\Project42\Debug\Project42.exe
